2021-06-04T03:29:24.373116Z 0 [Warning] TIMESTAMP with implicit DEFAULT value is deprecated. Please use --explicit_defaults_for_timestamp server option (see documentation for more details).
2021-06-04T03:29:24.374860Z 0 [Note] mysqld (mysqld 5.7.34) starting as process 1 ...
2021-06-04T03:29:24.376562Z 0 [Note] InnoDB: PUNCH HOLE support available
2021-06-04T03:29:24.376573Z 0 [Note] InnoDB: Mutexes and rw_locks use GCC atomic builtins
2021-06-04T03:29:24.376575Z 0 [Note] InnoDB: Uses event mutexes
2021-06-04T03:29:24.376577Z 0 [Note] InnoDB: GCC builtin __atomic_thread_fence() is used for memory barrier
2021-06-04T03:29:24.376579Z 0 [Note] InnoDB: Compressed tables use zlib 1.2.11
2021-06-04T03:29:24.376581Z 0 [Note] InnoDB: Using Linux native AIO
2021-06-04T03:29:24.377166Z 0 [Note] InnoDB: Number of pools: 1
2021-06-04T03:29:24.377223Z 0 [Note] InnoDB: Using CPU crc32 instructions
2021-06-04T03:29:24.378333Z 0 [Note] InnoDB: Initializing buffer pool, total size = 128M, instances = 1, chunk size = 128M
2021-06-04T03:29:24.383499Z 0 [Note] InnoDB: Completed initialization of buffer pool
2021-06-04T03:29:24.385449Z 0 [Note] InnoDB: If the mysqld execution user is authorized, page cleaner thread priority can be changed. See the man page of setpriority().
2021-06-04T03:29:24.397316Z 0 [Note] InnoDB: Highest supported file format is Barracuda.
2021-06-04T03:29:24.417084Z 0 [Note] InnoDB: Creating shared tablespace for temporary tables
2021-06-04T03:29:24.417122Z 0 [Note] InnoDB: Setting file './ibtmp1' size to 12 MB. Physically writing the file full; Please wait ...
2021-06-04T03:29:24.434215Z 0 [Note] InnoDB: File './ibtmp1' size is now 12 MB.
2021-06-04T03:29:24.434541Z 0 [Note] InnoDB: 96 redo rollback segment(s) found. 96 redo rollback segment(s) are active.
2021-06-04T03:29:24.434547Z 0 [Note] InnoDB: 32 non-redo rollback segment(s) are active.
2021-06-04T03:29:24.435369Z 0 [Note] InnoDB: 5.7.34 started; log sequence number 12664810
2021-06-04T03:29:24.435485Z 0 [Note] InnoDB: Loading buffer pool(s) from /var/lib/mysql/ib_buffer_pool
2021-06-04T03:29:24.436093Z 0 [Note] Plugin 'FEDERATED' is disabled.
2021-06-04T03:29:24.438086Z 0 [Note] InnoDB: Buffer pool(s) load completed at 210604  3:29:24
2021-06-04T03:29:24.439437Z 0 [Warning] World-writable config file './auto.cnf' is ignored.
2021-06-04T03:29:24.439480Z 0 [Warning] World-writable config file './auto.cnf' has been removed.

2021-06-04T03:29:24.439495Z 0 [Note] Salting uuid generator variables, current_pid: 1, server_start_time: 1622777364, bytes_sent: 0, 
2021-06-04T03:29:24.439540Z 0 [Note] Generated uuid: '0f131385-c4e5-11eb-ae26-0242ac120002', server_start_time: 281476599488021, bytes_sent: 94728004098064
2021-06-04T03:29:24.439548Z 0 [Warning] No existing UUID has been found, so we assume that this is the first time that this server has been started. Generating a new UUID: 0f131385-c4e5-11eb-ae26-0242ac120002.
2021-06-04T03:29:24.443143Z 0 [Note] Found ca.pem, server-cert.pem and server-key.pem in data directory. Trying to enable SSL support using them.
2021-06-04T03:29:24.443151Z 0 [Note] Skipping generation of SSL certificates as certificate files are present in data directory.
2021-06-04T03:29:24.443461Z 0 [Warning] CA certificate ca.pem is self signed.
2021-06-04T03:29:24.443478Z 0 [Note] Skipping generation of RSA key pair as key files are present in data directory.
2021-06-04T03:29:24.443718Z 0 [Note] Server hostname (bind-address): '*'; port: 3306
2021-06-04T03:29:24.443743Z 0 [Note] IPv6 is available.
2021-06-04T03:29:24.443751Z 0 [Note]   - '::' resolves to '::';
2021-06-04T03:29:24.443760Z 0 [Note] Server socket created on IP: '::'.
2021-06-04T03:29:24.446350Z 0 [Warning] Insecure configuration for --pid-file: Location '/var/run/mysqld' in the path is accessible to all OS users. Consider choosing a different directory.
2021-06-04T03:29:24.450537Z 0 [Note] Event Scheduler: Loaded 0 events
2021-06-04T03:29:24.450736Z 0 [Note] mysqld: ready for connections.
Version: '5.7.34'  socket: '/var/run/mysqld/mysqld.sock'  port: 3306  MySQL Community Server (GPL)
2021-06-04T03:29:32.170865Z 2 [Warning] IP address '172.18.0.1' could not be resolved: Name or service not known
2021-06-04T03:29:34.251335Z 0 [Note] Giving 1 client threads a chance to die gracefully
2021-06-04T03:29:34.251353Z 0 [Note] Shutting down slave threads
2021-06-04T03:30:11.000337Z 0 [Warning] TIMESTAMP with implicit DEFAULT value is deprecated. Please use --explicit_defaults_for_timestamp server option (see documentation for more details).
2021-06-04T03:30:11.001292Z 0 [Note] mysqld (mysqld 5.7.34) starting as process 1 ...
2021-06-04T03:30:11.003334Z 0 [Note] InnoDB: PUNCH HOLE support available
2021-06-04T03:30:11.003348Z 0 [Note] InnoDB: Mutexes and rw_locks use GCC atomic builtins
2021-06-04T03:30:11.003351Z 0 [Note] InnoDB: Uses event mutexes
2021-06-04T03:30:11.003353Z 0 [Note] InnoDB: GCC builtin __atomic_thread_fence() is used for memory barrier
2021-06-04T03:30:11.003356Z 0 [Note] InnoDB: Compressed tables use zlib 1.2.11
2021-06-04T03:30:11.003358Z 0 [Note] InnoDB: Using Linux native AIO
2021-06-04T03:30:11.003474Z 0 [Note] InnoDB: Number of pools: 1
2021-06-04T03:30:11.003527Z 0 [Note] InnoDB: Using CPU crc32 instructions
2021-06-04T03:30:11.004620Z 0 [Note] InnoDB: Initializing buffer pool, total size = 128M, instances = 1, chunk size = 128M
2021-06-04T03:30:11.009900Z 0 [Note] InnoDB: Completed initialization of buffer pool
2021-06-04T03:30:11.011764Z 0 [Note] InnoDB: If the mysqld execution user is authorized, page cleaner thread priority can be changed. See the man page of setpriority().
2021-06-04T03:30:11.023198Z 0 [Note] InnoDB: Highest supported file format is Barracuda.
2021-06-04T03:30:11.023880Z 0 [Note] InnoDB: Log scan progressed past the checkpoint lsn 12664845
2021-06-04T03:30:11.023890Z 0 [Note] InnoDB: Doing recovery: scanned up to log sequence number 12664854
2021-06-04T03:30:11.023893Z 0 [Note] InnoDB: Database was not shutdown normally!
2021-06-04T03:30:11.023896Z 0 [Note] InnoDB: Starting crash recovery.
2021-06-04T03:30:11.153809Z 0 [Note] InnoDB: Removed temporary tablespace data file: "ibtmp1"
2021-06-04T03:30:11.153862Z 0 [Note] InnoDB: Creating shared tablespace for temporary tables
2021-06-04T03:30:11.154018Z 0 [Note] InnoDB: Setting file './ibtmp1' size to 12 MB. Physically writing the file full; Please wait ...
2021-06-04T03:30:11.182383Z 0 [Note] InnoDB: File './ibtmp1' size is now 12 MB.
2021-06-04T03:30:11.182962Z 0 [Note] InnoDB: 96 redo rollback segment(s) found. 96 redo rollback segment(s) are active.
2021-06-04T03:30:11.182976Z 0 [Note] InnoDB: 32 non-redo rollback segment(s) are active.
2021-06-04T03:30:11.184309Z 0 [Note] InnoDB: 5.7.34 started; log sequence number 12664854
2021-06-04T03:30:11.184552Z 0 [Note] InnoDB: Loading buffer pool(s) from /var/lib/mysql/ib_buffer_pool
2021-06-04T03:30:11.184805Z 0 [Note] Plugin 'FEDERATED' is disabled.
2021-06-04T03:30:11.186492Z 0 [Note] InnoDB: Buffer pool(s) load completed at 210604  3:30:11
2021-06-04T03:30:11.190603Z 0 [Note] Found ca.pem, server-cert.pem and server-key.pem in data directory. Trying to enable SSL support using them.
2021-06-04T03:30:11.190616Z 0 [Note] Skipping generation of SSL certificates as certificate files are present in data directory.
2021-06-04T03:30:11.191115Z 0 [Warning] CA certificate ca.pem is self signed.
2021-06-04T03:30:11.191141Z 0 [Note] Skipping generation of RSA key pair as key files are present in data directory.
2021-06-04T03:30:11.191512Z 0 [Note] Server hostname (bind-address): '*'; port: 3306
2021-06-04T03:30:11.191575Z 0 [Note] IPv6 is available.
2021-06-04T03:30:11.191591Z 0 [Note]   - '::' resolves to '::';
2021-06-04T03:30:11.191623Z 0 [Note] Server socket created on IP: '::'.
2021-06-04T03:30:11.194779Z 0 [Warning] Insecure configuration for --pid-file: Location '/var/run/mysqld' in the path is accessible to all OS users. Consider choosing a different directory.
2021-06-04T03:30:11.198834Z 0 [Note] Event Scheduler: Loaded 0 events
2021-06-04T03:30:11.199039Z 0 [Note] mysqld: ready for connections.
Version: '5.7.34'  socket: '/var/run/mysqld/mysqld.sock'  port: 3306  MySQL Community Server (GPL)
2021-06-04T03:30:19.293602Z 2 [Warning] IP address '172.18.0.1' could not be resolved: Name or service not known
2021-06-04T03:30:29.630445Z 0 [Note] Giving 0 client threads a chance to die gracefully
2021-06-04T03:30:29.630466Z 0 [Note] Shutting down slave threads
2021-06-04T03:30:29.630470Z 0 [Note] Forcefully disconnecting 0 remaining clients
2021-06-04T03:30:29.630475Z 0 [Note] Event Scheduler: Purging the queue. 0 events
2021-06-04T03:30:29.630528Z 0 [Note] Binlog end
2021-06-04T03:30:29.630918Z 0 [Note] Shutting down plugin 'ngram'
2021-06-04T03:30:29.630928Z 0 [Note] Shutting down plugin 'partition'
2021-06-04T03:30:29.630931Z 0 [Note] Shutting down plugin 'BLACKHOLE'
2021-06-04T03:30:29.630933Z 0 [Note] Shutting down plugin 'ARCHIVE'
2021-06-04T03:30:29.630935Z 0 [Note] Shutting down plugin 'PERFORMANCE_SCHEMA'
2021-06-04T03:30:29.630954Z 0 [Note] Shutting down plugin 'MRG_MYISAM'
2021-06-04T03:30:29.630957Z 0 [Note] Shutting down plugin 'MyISAM'
2021-06-04T03:30:29.630963Z 0 [Note] Shutting down plugin 'INNODB_SYS_VIRTUAL'
2021-06-04T03:30:29.630966Z 0 [Note] Shutting down plugin 'INNODB_SYS_DATAFILES'
2021-06-04T03:30:29.630968Z 0 [Note] Shutting down plugin 'INNODB_SYS_TABLESPACES'
2021-06-04T03:30:29.630970Z 0 [Note] Shutting down plugin 'INNODB_SYS_FOREIGN_COLS'
2021-06-04T03:30:29.630972Z 0 [Note] Shutting down plugin 'INNODB_SYS_FOREIGN'
2021-06-04T03:30:29.630974Z 0 [Note] Shutting down plugin 'INNODB_SYS_FIELDS'
2021-06-04T03:30:29.630976Z 0 [Note] Shutting down plugin 'INNODB_SYS_COLUMNS'
2021-06-04T03:30:29.630978Z 0 [Note] Shutting down plugin 'INNODB_SYS_INDEXES'
2021-06-04T03:30:29.630980Z 0 [Note] Shutting down plugin 'INNODB_SYS_TABLESTATS'
2021-06-04T03:30:29.630983Z 0 [Note] Shutting down plugin 'INNODB_SYS_TABLES'
2021-06-04T03:30:29.630985Z 0 [Note] Shutting down plugin 'INNODB_FT_INDEX_TABLE'
2021-06-04T03:30:29.630987Z 0 [Note] Shutting down plugin 'INNODB_FT_INDEX_CACHE'
2021-06-04T03:30:29.630989Z 0 [Note] Shutting down plugin 'INNODB_FT_CONFIG'
2021-06-04T03:30:29.630990Z 0 [Note] Shutting down plugin 'INNODB_FT_BEING_DELETED'
2021-06-04T03:30:29.630992Z 0 [Note] Shutting down plugin 'INNODB_FT_DELETED'
2021-06-04T03:30:29.630995Z 0 [Note] Shutting down plugin 'INNODB_FT_DEFAULT_STOPWORD'
2021-06-04T03:30:29.630997Z 0 [Note] Shutting down plugin 'INNODB_METRICS'
2021-06-04T03:30:29.630999Z 0 [Note] Shutting down plugin 'INNODB_TEMP_TABLE_INFO'
2021-06-04T03:30:29.631001Z 0 [Note] Shutting down plugin 'INNODB_BUFFER_POOL_STATS'
2021-06-04T03:30:29.631003Z 0 [Note] Shutting down plugin 'INNODB_BUFFER_PAGE_LRU'
2021-06-04T03:30:29.631005Z 0 [Note] Shutting down plugin 'INNODB_BUFFER_PAGE'
2021-06-04T03:30:29.631007Z 0 [Note] Shutting down plugin 'INNODB_CMP_PER_INDEX_RESET'
2021-06-04T03:30:29.631009Z 0 [Note] Shutting down plugin 'INNODB_CMP_PER_INDEX'
2021-06-04T03:30:29.631011Z 0 [Note] Shutting down plugin 'INNODB_CMPMEM_RESET'
2021-06-04T03:30:29.631013Z 0 [Note] Shutting down plugin 'INNODB_CMPMEM'
2021-06-04T03:30:29.631015Z 0 [Note] Shutting down plugin 'INNODB_CMP_RESET'
2021-06-04T03:30:29.631018Z 0 [Note] Shutting down plugin 'INNODB_CMP'
2021-06-04T03:30:29.631020Z 0 [Note] Shutting down plugin 'INNODB_LOCK_WAITS'
2021-06-04T03:30:29.631021Z 0 [Note] Shutting down plugin 'INNODB_LOCKS'
2021-06-04T03:30:29.631023Z 0 [Note] Shutting down plugin 'INNODB_TRX'
2021-06-04T03:30:29.631025Z 0 [Note] Shutting down plugin 'InnoDB'
2021-06-04T03:30:29.631129Z 0 [Note] InnoDB: FTS optimize thread exiting.
2021-06-04T03:30:29.631286Z 0 [Note] InnoDB: Starting shutdown...
2021-06-04T03:30:29.731874Z 0 [Note] InnoDB: Dumping buffer pool(s) to /var/lib/mysql/ib_buffer_pool
2021-06-04T03:30:29.732491Z 0 [Note] InnoDB: Buffer pool(s) dump completed at 210604  3:30:29
2021-06-04T03:31:00.042033Z 0 [Warning] TIMESTAMP with implicit DEFAULT value is deprecated. Please use --explicit_defaults_for_timestamp server option (see documentation for more details).
2021-06-04T03:31:00.043582Z 0 [Note] mysqld (mysqld 5.7.34) starting as process 1 ...
2021-06-04T03:31:00.045504Z 0 [Note] InnoDB: PUNCH HOLE support available
2021-06-04T03:31:00.045533Z 0 [Note] InnoDB: Mutexes and rw_locks use GCC atomic builtins
2021-06-04T03:31:00.045537Z 0 [Note] InnoDB: Uses event mutexes
2021-06-04T03:31:00.045539Z 0 [Note] InnoDB: GCC builtin __atomic_thread_fence() is used for memory barrier
2021-06-04T03:31:00.045541Z 0 [Note] InnoDB: Compressed tables use zlib 1.2.11
2021-06-04T03:31:00.045543Z 0 [Note] InnoDB: Using Linux native AIO
2021-06-04T03:31:00.045819Z 0 [Note] InnoDB: Number of pools: 1
2021-06-04T03:31:00.045873Z 0 [Note] InnoDB: Using CPU crc32 instructions
2021-06-04T03:31:00.046940Z 0 [Note] InnoDB: Initializing buffer pool, total size = 128M, instances = 1, chunk size = 128M
2021-06-04T03:31:00.052148Z 0 [Note] InnoDB: Completed initialization of buffer pool
2021-06-04T03:31:00.053779Z 0 [Note] InnoDB: If the mysqld execution user is authorized, page cleaner thread priority can be changed. See the man page of setpriority().
2021-06-04T03:31:00.065484Z 0 [Note] InnoDB: Highest supported file format is Barracuda.
2021-06-04T03:31:00.083420Z 0 [Note] InnoDB: Removed temporary tablespace data file: "ibtmp1"
2021-06-04T03:31:00.083434Z 0 [Note] InnoDB: Creating shared tablespace for temporary tables
2021-06-04T03:31:00.083455Z 0 [Note] InnoDB: Setting file './ibtmp1' size to 12 MB. Physically writing the file full; Please wait ...
2021-06-04T03:31:00.095293Z 0 [Note] InnoDB: File './ibtmp1' size is now 12 MB.
2021-06-04T03:31:00.095612Z 0 [Note] InnoDB: 96 redo rollback segment(s) found. 96 redo rollback segment(s) are active.
2021-06-04T03:31:00.095617Z 0 [Note] InnoDB: 32 non-redo rollback segment(s) are active.
2021-06-04T03:31:00.096059Z 0 [Note] InnoDB: 5.7.34 started; log sequence number 12664882
2021-06-04T03:31:00.096635Z 0 [Note] InnoDB: Loading buffer pool(s) from /var/lib/mysql/ib_buffer_pool
2021-06-04T03:31:00.097254Z 0 [Note] Plugin 'FEDERATED' is disabled.
2021-06-04T03:31:00.097883Z 0 [Note] InnoDB: Buffer pool(s) load completed at 210604  3:31:00
2021-06-04T03:31:00.101021Z 0 [Note] Found ca.pem, server-cert.pem and server-key.pem in data directory. Trying to enable SSL support using them.
2021-06-04T03:31:00.101034Z 0 [Note] Skipping generation of SSL certificates as certificate files are present in data directory.
2021-06-04T03:31:00.101335Z 0 [Warning] CA certificate ca.pem is self signed.
2021-06-04T03:31:00.101352Z 0 [Note] Skipping generation of RSA key pair as key files are present in data directory.
2021-06-04T03:31:00.101603Z 0 [Note] Server hostname (bind-address): '*'; port: 3306
2021-06-04T03:31:00.101636Z 0 [Note] IPv6 is available.
2021-06-04T03:31:00.101643Z 0 [Note]   - '::' resolves to '::';
2021-06-04T03:31:00.101652Z 0 [Note] Server socket created on IP: '::'.
2021-06-04T03:31:00.104396Z 0 [Warning] Insecure configuration for --pid-file: Location '/var/run/mysqld' in the path is accessible to all OS users. Consider choosing a different directory.
2021-06-04T03:31:00.108430Z 0 [Note] Event Scheduler: Loaded 0 events
2021-06-04T03:31:00.108608Z 0 [Note] mysqld: ready for connections.
Version: '5.7.34'  socket: '/var/run/mysqld/mysqld.sock'  port: 3306  MySQL Community Server (GPL)
2021-06-04T03:31:05.050306Z 2 [Warning] IP address '172.18.0.1' could not be resolved: Name or service not known
2021-06-04T03:31:10.937418Z 0 [Note] Giving 1 client threads a chance to die gracefully
2021-06-04T03:31:10.937439Z 0 [Note] Shutting down slave threads
2021-06-04T03:33:20.341164Z 0 [Warning] TIMESTAMP with implicit DEFAULT value is deprecated. Please use --explicit_defaults_for_timestamp server option (see documentation for more details).
2021-06-04T03:33:20.341904Z 0 [Note] mysqld (mysqld 5.7.34) starting as process 1 ...
2021-06-04T03:33:20.343859Z 0 [Note] InnoDB: PUNCH HOLE support available
2021-06-04T03:33:20.343869Z 0 [Note] InnoDB: Mutexes and rw_locks use GCC atomic builtins
2021-06-04T03:33:20.343872Z 0 [Note] InnoDB: Uses event mutexes
2021-06-04T03:33:20.343874Z 0 [Note] InnoDB: GCC builtin __atomic_thread_fence() is used for memory barrier
2021-06-04T03:33:20.343876Z 0 [Note] InnoDB: Compressed tables use zlib 1.2.11
2021-06-04T03:33:20.343897Z 0 [Note] InnoDB: Using Linux native AIO
2021-06-04T03:33:20.345047Z 0 [Note] InnoDB: Number of pools: 1
2021-06-04T03:33:20.345109Z 0 [Note] InnoDB: Using CPU crc32 instructions
2021-06-04T03:33:20.346345Z 0 [Note] InnoDB: Initializing buffer pool, total size = 128M, instances = 1, chunk size = 128M
2021-06-04T03:33:20.351184Z 0 [Note] InnoDB: Completed initialization of buffer pool
2021-06-04T03:33:20.352890Z 0 [Note] InnoDB: If the mysqld execution user is authorized, page cleaner thread priority can be changed. See the man page of setpriority().
2021-06-04T03:33:20.364644Z 0 [Note] InnoDB: Highest supported file format is Barracuda.
2021-06-04T03:33:20.365300Z 0 [Note] InnoDB: Log scan progressed past the checkpoint lsn 12664901
2021-06-04T03:33:20.365306Z 0 [Note] InnoDB: Doing recovery: scanned up to log sequence number 12664910
2021-06-04T03:33:20.365309Z 0 [Note] InnoDB: Database was not shutdown normally!
2021-06-04T03:33:20.365311Z 0 [Note] InnoDB: Starting crash recovery.
2021-06-04T03:33:20.478948Z 0 [Note] InnoDB: Removed temporary tablespace data file: "ibtmp1"
2021-06-04T03:33:20.478999Z 0 [Note] InnoDB: Creating shared tablespace for temporary tables
2021-06-04T03:33:20.479101Z 0 [Note] InnoDB: Setting file './ibtmp1' size to 12 MB. Physically writing the file full; Please wait ...
2021-06-04T03:33:20.512026Z 0 [Note] InnoDB: File './ibtmp1' size is now 12 MB.
2021-06-04T03:33:20.512348Z 0 [Note] InnoDB: 96 redo rollback segment(s) found. 96 redo rollback segment(s) are active.
2021-06-04T03:33:20.512353Z 0 [Note] InnoDB: 32 non-redo rollback segment(s) are active.
2021-06-04T03:33:20.513130Z 0 [Note] InnoDB: 5.7.34 started; log sequence number 12664910
2021-06-04T03:33:20.513213Z 0 [Note] InnoDB: Loading buffer pool(s) from /var/lib/mysql/ib_buffer_pool
2021-06-04T03:33:20.513340Z 0 [Note] Plugin 'FEDERATED' is disabled.
2021-06-04T03:33:20.514398Z 0 [Note] InnoDB: Buffer pool(s) load completed at 210604  3:33:20
2021-06-04T03:33:20.517146Z 0 [Note] Found ca.pem, server-cert.pem and server-key.pem in data directory. Trying to enable SSL support using them.
2021-06-04T03:33:20.517157Z 0 [Note] Skipping generation of SSL certificates as certificate files are present in data directory.
2021-06-04T03:33:20.517461Z 0 [Warning] CA certificate ca.pem is self signed.
2021-06-04T03:33:20.517477Z 0 [Note] Skipping generation of RSA key pair as key files are present in data directory.
2021-06-04T03:33:20.517723Z 0 [Note] Server hostname (bind-address): '*'; port: 3306
2021-06-04T03:33:20.517755Z 0 [Note] IPv6 is available.
2021-06-04T03:33:20.517762Z 0 [Note]   - '::' resolves to '::';
2021-06-04T03:33:20.517771Z 0 [Note] Server socket created on IP: '::'.
2021-06-04T03:33:20.520427Z 0 [Warning] Insecure configuration for --pid-file: Location '/var/run/mysqld' in the path is accessible to all OS users. Consider choosing a different directory.
2021-06-04T03:33:20.524624Z 0 [Note] Event Scheduler: Loaded 0 events
2021-06-04T03:33:20.524833Z 0 [Note] mysqld: ready for connections.
Version: '5.7.34'  socket: '/var/run/mysqld/mysqld.sock'  port: 3306  MySQL Community Server (GPL)
2021-06-04T03:33:23.216984Z 2 [Warning] IP address '172.18.0.1' could not be resolved: Name or service not known
2021-06-04T03:33:31.242438Z 0 [Note] Giving 1 client threads a chance to die gracefully
2021-06-04T03:33:31.242510Z 0 [Note] Shutting down slave threads
2021-06-04T03:33:36.122282Z 0 [Warning] TIMESTAMP with implicit DEFAULT value is deprecated. Please use --explicit_defaults_for_timestamp server option (see documentation for more details).
2021-06-04T03:33:36.123141Z 0 [Note] mysqld (mysqld 5.7.34) starting as process 1 ...
2021-06-04T03:33:36.124854Z 0 [Note] InnoDB: PUNCH HOLE support available
2021-06-04T03:33:36.124866Z 0 [Note] InnoDB: Mutexes and rw_locks use GCC atomic builtins
2021-06-04T03:33:36.124869Z 0 [Note] InnoDB: Uses event mutexes
2021-06-04T03:33:36.124872Z 0 [Note] InnoDB: GCC builtin __atomic_thread_fence() is used for memory barrier
2021-06-04T03:33:36.124893Z 0 [Note] InnoDB: Compressed tables use zlib 1.2.11
2021-06-04T03:33:36.124896Z 0 [Note] InnoDB: Using Linux native AIO
2021-06-04T03:33:36.125174Z 0 [Note] InnoDB: Number of pools: 1
2021-06-04T03:33:36.125230Z 0 [Note] InnoDB: Using CPU crc32 instructions
2021-06-04T03:33:36.125998Z 0 [Note] InnoDB: Initializing buffer pool, total size = 128M, instances = 1, chunk size = 128M
2021-06-04T03:33:36.130236Z 0 [Note] InnoDB: Completed initialization of buffer pool
2021-06-04T03:33:36.131485Z 0 [Note] InnoDB: If the mysqld execution user is authorized, page cleaner thread priority can be changed. See the man page of setpriority().
2021-06-04T03:33:36.142883Z 0 [Note] InnoDB: Highest supported file format is Barracuda.
2021-06-04T03:33:36.143552Z 0 [Note] InnoDB: Log scan progressed past the checkpoint lsn 12664929
2021-06-04T03:33:36.143564Z 0 [Note] InnoDB: Doing recovery: scanned up to log sequence number 12664938
2021-06-04T03:33:36.143567Z 0 [Note] InnoDB: Database was not shutdown normally!
2021-06-04T03:33:36.143569Z 0 [Note] InnoDB: Starting crash recovery.
2021-06-04T03:33:36.264068Z 0 [Note] InnoDB: Removed temporary tablespace data file: "ibtmp1"
2021-06-04T03:33:36.264081Z 0 [Note] InnoDB: Creating shared tablespace for temporary tables
2021-06-04T03:33:36.264104Z 0 [Note] InnoDB: Setting file './ibtmp1' size to 12 MB. Physically writing the file full; Please wait ...
2021-06-04T03:33:36.284185Z 0 [Note] InnoDB: File './ibtmp1' size is now 12 MB.
2021-06-04T03:33:36.284502Z 0 [Note] InnoDB: 96 redo rollback segment(s) found. 96 redo rollback segment(s) are active.
2021-06-04T03:33:36.284507Z 0 [Note] InnoDB: 32 non-redo rollback segment(s) are active.
2021-06-04T03:33:36.285225Z 0 [Note] InnoDB: 5.7.34 started; log sequence number 12664938
2021-06-04T03:33:36.285660Z 0 [Note] InnoDB: Loading buffer pool(s) from /var/lib/mysql/ib_buffer_pool
2021-06-04T03:33:36.285778Z 0 [Note] Plugin 'FEDERATED' is disabled.
2021-06-04T03:33:36.286664Z 0 [Note] InnoDB: Buffer pool(s) load completed at 210604  3:33:36
2021-06-04T03:33:36.288800Z 0 [Note] Found ca.pem, server-cert.pem and server-key.pem in data directory. Trying to enable SSL support using them.
2021-06-04T03:33:36.288811Z 0 [Note] Skipping generation of SSL certificates as certificate files are present in data directory.
2021-06-04T03:33:36.289108Z 0 [Warning] CA certificate ca.pem is self signed.
2021-06-04T03:33:36.289125Z 0 [Note] Skipping generation of RSA key pair as key files are present in data directory.
2021-06-04T03:33:36.289376Z 0 [Note] Server hostname (bind-address): '*'; port: 3306
2021-06-04T03:33:36.289407Z 0 [Note] IPv6 is available.
2021-06-04T03:33:36.289415Z 0 [Note]   - '::' resolves to '::';
2021-06-04T03:33:36.289423Z 0 [Note] Server socket created on IP: '::'.
2021-06-04T03:33:36.292244Z 0 [Warning] Insecure configuration for --pid-file: Location '/var/run/mysqld' in the path is accessible to all OS users. Consider choosing a different directory.
2021-06-04T03:33:36.296270Z 0 [Note] Event Scheduler: Loaded 0 events
2021-06-04T03:33:36.296440Z 0 [Note] mysqld: ready for connections.
Version: '5.7.34'  socket: '/var/run/mysqld/mysqld.sock'  port: 3306  MySQL Community Server (GPL)
