2021.06.04 04:32:23.925249 [ 1 ] {} <Trace> Pipe: Pipe capacity is 1.00 MiB
2021.06.04 04:32:23.927025 [ 1 ] {} <Information> : Starting ClickHouse 20.3.5.21 with revision 54433
2021.06.04 04:32:23.927055 [ 1 ] {} <Information> Application: starting up
2021.06.04 04:32:23.931050 [ 1 ] {} <Debug> Application: rlimit on number of file descriptors is 1048576
2021.06.04 04:32:23.931060 [ 1 ] {} <Debug> Application: Initializing DateLUT.
2021.06.04 04:32:23.931064 [ 1 ] {} <Trace> Application: Initialized DateLUT with time zone 'UTC'.
2021.06.04 04:32:23.931078 [ 1 ] {} <Debug> Application: Setting up /var/lib/clickhouse/tmp/ to store temporary data in it
2021.06.04 04:32:23.931357 [ 1 ] {} <Debug> Application: Configuration parameter 'interserver_http_host' doesn't exist or exists and empty. Will use 'clickhouse-server_1' as replica host.
2021.06.04 04:32:23.932159 [ 1 ] {} <Debug> ConfigReloader: Loading config '/etc/clickhouse-server/users.xml'
2021.06.04 04:32:23.932705 [ 1 ] {} <Information> Application: Uncompressed cache size was lowered to 6.19 GiB because the system has low amount of memory
2021.06.04 04:32:23.932813 [ 1 ] {} <Information> Application: Loading metadata from /var/lib/clickhouse/
2021.06.04 04:32:23.946849 [ 1 ] {} <Information> DatabaseOrdinary (default): Total 0 tables and 0 dictionaries.
2021.06.04 04:32:23.946866 [ 1 ] {} <Information> DatabaseOrdinary (default): Starting up tables.
2021.06.04 04:32:23.952803 [ 1 ] {} <Debug> Application: Loaded metadata.
2021.06.04 04:32:23.952966 [ 1 ] {} <Trace> Pipe: Pipe capacity is 1.00 MiB
2021.06.04 04:32:23.953337 [ 1 ] {} <Information> BackgroundSchedulePool: Create BackgroundSchedulePool with 16 threads
2021.06.04 04:32:23.979514 [ 1 ] {} <Information> Application: It looks like the process has no CAP_NET_ADMIN capability, 'taskstats' performance statistics will be disabled. It could happen due to incorrect ClickHouse package installation. You could resolve the problem manually with 'sudo setcap cap_net_admin=+ep /usr/bin/clickhouse'. Note that it will not work on 'nosuid' mounted filesystems. It also doesn't work if you run clickhouse-server inside network namespace as it happens in some containers.
2021.06.04 04:32:23.979557 [ 1 ] {} <Information> Application: It looks like the process has no CAP_SYS_NICE capability, the setting 'os_thread_nice' will have no effect. It could happen due to incorrect ClickHouse package installation. You could resolve the problem manually with 'sudo setcap cap_sys_nice=+ep /usr/bin/clickhouse'. Note that it will not work on 'nosuid' mounted filesystems.
2021.06.04 04:32:23.983320 [ 1 ] {} <Error> Application: Listen [::]:8123 failed: Poco::Exception. Code: 1000, e.code() = 0, e.displayText() = DNS error: EAI: -9 (version 20.3.5.21 (official build)). If it is an IPv6 or IPv4 address and your host has disabled IPv6 or IPv4, then consider to specify not disabled IPv4 or IPv6 address to listen in <listen_host> element of configuration file. Example for disabled IPv6: <listen_host>0.0.0.0</listen_host> . Example for disabled IPv4: <listen_host>::</listen_host>
2021.06.04 04:32:23.983511 [ 1 ] {} <Error> Application: Listen [::]:9000 failed: Poco::Exception. Code: 1000, e.code() = 0, e.displayText() = DNS error: EAI: -9 (version 20.3.5.21 (official build)). If it is an IPv6 or IPv4 address and your host has disabled IPv6 or IPv4, then consider to specify not disabled IPv4 or IPv6 address to listen in <listen_host> element of configuration file. Example for disabled IPv6: <listen_host>0.0.0.0</listen_host> . Example for disabled IPv4: <listen_host>::</listen_host>
2021.06.04 04:32:23.983621 [ 1 ] {} <Error> Application: Listen [::]:9009 failed: Poco::Exception. Code: 1000, e.code() = 0, e.displayText() = DNS error: EAI: -9 (version 20.3.5.21 (official build)). If it is an IPv6 or IPv4 address and your host has disabled IPv6 or IPv4, then consider to specify not disabled IPv4 or IPv6 address to listen in <listen_host> element of configuration file. Example for disabled IPv6: <listen_host>0.0.0.0</listen_host> . Example for disabled IPv4: <listen_host>::</listen_host>
2021.06.04 04:32:23.983734 [ 1 ] {} <Error> Application: Listen [::]:9004 failed: Poco::Exception. Code: 1000, e.code() = 0, e.displayText() = DNS error: EAI: -9 (version 20.3.5.21 (official build)). If it is an IPv6 or IPv4 address and your host has disabled IPv6 or IPv4, then consider to specify not disabled IPv4 or IPv6 address to listen in <listen_host> element of configuration file. Example for disabled IPv6: <listen_host>0.0.0.0</listen_host> . Example for disabled IPv4: <listen_host>::</listen_host>
2021.06.04 04:32:23.983778 [ 1 ] {} <Information> Application: Listening for http://0.0.0.0:8123
2021.06.04 04:32:23.983799 [ 1 ] {} <Information> Application: Listening for connections with native protocol (tcp): 0.0.0.0:9000
2021.06.04 04:32:23.983817 [ 1 ] {} <Information> Application: Listening for replica communication (interserver): http://0.0.0.0:9009
2021.06.04 04:32:23.984131 [ 1 ] {} <Trace> MySQLHandlerFactory: Failed to create SSL context. SSL will be disabled. Error: Poco::Exception. Code: 1000, e.code() = 0, e.displayText() = SSL context exception: Error loading private key from file /etc/clickhouse-server/server.key: error:02000002:system library::No such file or directory (version 20.3.5.21 (official build))
2021.06.04 04:32:23.984206 [ 1 ] {} <Trace> MySQLHandlerFactory: Failed to read RSA key pair from server certificate. Error: Code: 76, e.displayText() = DB::Exception: Cannot open certificate file: /etc/clickhouse-server/server.crt. (version 20.3.5.21 (official build))
2021.06.04 04:32:23.984211 [ 1 ] {} <Trace> MySQLHandlerFactory: Generating new RSA key pair.
2021.06.04 04:32:24.091675 [ 1 ] {} <Information> Application: Listening for MySQL compatibility protocol: 0.0.0.0:9004
2021.06.04 04:32:24.093803 [ 1 ] {} <Information> Application: Available RAM: 12.38 GiB; physical cores: 8; logical cores: 8.
2021.06.04 04:32:24.093822 [ 1 ] {} <Information> Application: Ready for connections.
2021.06.04 04:32:26.096096 [ 81 ] {} <Debug> ConfigReloader: Loading config '/etc/clickhouse-server/config.xml'
2021.06.04 04:32:31.450789 [ 49 ] {} <Trace> SystemLog (system.metric_log): Flushing system log
2021.06.04 04:32:31.450823 [ 49 ] {} <Debug> SystemLog (system.metric_log): Creating new table system.metric_log for MetricLog
2021.06.04 04:32:31.453109 [ 49 ] {} <Information> BackgroundProcessingPool: Create BackgroundProcessingPool with 16 threads
2021.06.04 04:32:31.455189 [ 49 ] {} <Debug> system.metric_log: Loading data parts
2021.06.04 04:32:31.455427 [ 49 ] {} <Debug> system.metric_log: Loaded data parts (0 items)
2021.06.04 04:32:31.486472 [ 49 ] {} <Debug> DiskLocal: Reserving 1.00 MiB on disk `default`, having unreserved 233.45 GiB.
2021.06.04 04:32:31.554410 [ 49 ] {} <Trace> system.metric_log: Renaming temporary part tmp_insert_202106_1_1_0 to 202106_1_1_0.
2021.06.04 04:32:39.055113 [ 49 ] {} <Trace> SystemLog (system.metric_log): Flushing system log
2021.06.04 04:32:39.057211 [ 49 ] {} <Debug> DiskLocal: Reserving 1.00 MiB on disk `default`, having unreserved 233.44 GiB.
2021.06.04 04:32:39.076167 [ 49 ] {} <Trace> system.metric_log: Renaming temporary part tmp_insert_202106_2_2_0 to 202106_2_2_0.
2021.06.04 04:32:46.576882 [ 49 ] {} <Trace> SystemLog (system.metric_log): Flushing system log
2021.06.04 04:32:46.579508 [ 49 ] {} <Debug> DiskLocal: Reserving 1.00 MiB on disk `default`, having unreserved 233.44 GiB.
2021.06.04 04:32:46.606945 [ 49 ] {} <Trace> system.metric_log: Renaming temporary part tmp_insert_202106_3_3_0 to 202106_3_3_0.
2021.06.04 04:32:54.107612 [ 49 ] {} <Trace> SystemLog (system.metric_log): Flushing system log
2021.06.04 04:32:54.121444 [ 49 ] {} <Debug> DiskLocal: Reserving 1.00 MiB on disk `default`, having unreserved 233.44 GiB.
2021.06.04 04:32:54.153092 [ 49 ] {} <Trace> system.metric_log: Renaming temporary part tmp_insert_202106_4_4_0 to 202106_4_4_0.
2021.06.04 04:32:59.134863 [ 72 ] {} <Trace> TCPHandlerFactory: TCP Request. Address: 172.20.0.1:53436
2021.06.04 04:32:59.135187 [ 72 ] {} <Debug> TCPHandler: Connected ClickHouse client version 21.5.0, revision: 54448, user: default.
2021.06.04 04:32:59.154149 [ 73 ] {} <Trace> TCPHandlerFactory: TCP Request. Address: 172.20.0.1:53440
2021.06.04 04:32:59.154497 [ 73 ] {} <Debug> TCPHandler: Connected ClickHouse client version 21.5.0, revision: 54448, user: default.
2021.06.04 04:32:59.155749 [ 73 ] {e25f8566-b3a4-424f-b440-6d5c09a1f1f2} <Debug> executeQuery: (from 172.20.0.1:53440) SELECT DISTINCT arrayJoin(extractAll(name, '[\\w_]{2,}')) AS res FROM (SELECT name FROM system.functions UNION ALL SELECT name FROM system.table_engines UNION ALL SELECT name FROM system.formats UNION ALL SELECT name FROM system.table_functions UNION ALL SELECT name FROM system.data_type_families UNION ALL SELECT name FROM system.merge_tree_settings UNION ALL SELECT name FROM system.settings UNION ALL SELECT cluster FROM system.clusters UNION ALL SELECT macro FROM system.macros UNION ALL SELECT policy_name FROM system.storage_policies UNION ALL SELECT concat(func.name, comb.name) FROM system.functions AS func CROSS JOIN system.aggregate_function_combinators AS comb WHERE is_aggregate UNION ALL SELECT name FROM system.databases LIMIT 10000 UNION ALL SELECT DISTINCT name FROM system.tables LIMIT 10000 UNION ALL SELECT DISTINCT name FROM system.dictionaries LIMIT 10000 UNION ALL SELECT DISTINCT name FROM system.columns LIMIT 10000) WHERE notEmpty(res)
2021.06.04 04:32:59.156069 [ 73 ] {e25f8566-b3a4-424f-b440-6d5c09a1f1f2} <Trace> AccessRightsContext (default): List of all grants: GRANT SHOW, EXISTS, SELECT, INSERT, ALTER, CREATE, CREATE TEMPORARY TABLE, DROP, TRUNCATE, OPTIMIZE, KILL, CREATE USER, ALTER USER, DROP USER, CREATE ROLE, DROP ROLE, CREATE POLICY, ALTER POLICY, DROP POLICY, CREATE QUOTA, ALTER QUOTA, DROP QUOTA, ROLE ADMIN, SYSTEM, dictGet(), TABLE FUNCTIONS ON *.*
2021.06.04 04:32:59.156079 [ 73 ] {e25f8566-b3a4-424f-b440-6d5c09a1f1f2} <Trace> AccessRightsContext (default): Access granted: SELECT(name) ON system.functions
2021.06.04 04:32:59.156120 [ 73 ] {e25f8566-b3a4-424f-b440-6d5c09a1f1f2} <Trace> AccessRightsContext (default): Access granted: SELECT(name) ON system.table_engines
2021.06.04 04:32:59.156156 [ 73 ] {e25f8566-b3a4-424f-b440-6d5c09a1f1f2} <Trace> AccessRightsContext (default): Access granted: SELECT(name) ON system.formats
2021.06.04 04:32:59.156195 [ 73 ] {e25f8566-b3a4-424f-b440-6d5c09a1f1f2} <Trace> AccessRightsContext (default): Access granted: SELECT(name) ON system.table_functions
2021.06.04 04:32:59.156233 [ 73 ] {e25f8566-b3a4-424f-b440-6d5c09a1f1f2} <Trace> AccessRightsContext (default): Access granted: SELECT(name) ON system.data_type_families
2021.06.04 04:32:59.156272 [ 73 ] {e25f8566-b3a4-424f-b440-6d5c09a1f1f2} <Trace> AccessRightsContext (default): Access granted: SELECT(name) ON system.merge_tree_settings
2021.06.04 04:32:59.156309 [ 73 ] {e25f8566-b3a4-424f-b440-6d5c09a1f1f2} <Trace> AccessRightsContext (default): Access granted: SELECT(name) ON system.settings
2021.06.04 04:32:59.156356 [ 73 ] {e25f8566-b3a4-424f-b440-6d5c09a1f1f2} <Trace> AccessRightsContext (default): Access granted: SELECT(cluster) ON system.clusters
2021.06.04 04:32:59.156389 [ 73 ] {e25f8566-b3a4-424f-b440-6d5c09a1f1f2} <Trace> AccessRightsContext (default): Access granted: SELECT(macro) ON system.macros
2021.06.04 04:32:59.156430 [ 73 ] {e25f8566-b3a4-424f-b440-6d5c09a1f1f2} <Trace> AccessRightsContext (default): Access granted: SELECT(policy_name) ON system.storage_policies
2021.06.04 04:32:59.156550 [ 73 ] {e25f8566-b3a4-424f-b440-6d5c09a1f1f2} <Trace> AccessRightsContext (default): Access granted: SELECT(name) ON system.aggregate_function_combinators
2021.06.04 04:32:59.156568 [ 73 ] {e25f8566-b3a4-424f-b440-6d5c09a1f1f2} <Debug> Join: setSampleBlock: comb.name String String(size = 0)
2021.06.04 04:32:59.156665 [ 73 ] {e25f8566-b3a4-424f-b440-6d5c09a1f1f2} <Trace> AccessRightsContext (default): Access granted: SELECT(name) ON system.databases
2021.06.04 04:32:59.156719 [ 73 ] {e25f8566-b3a4-424f-b440-6d5c09a1f1f2} <Trace> AccessRightsContext (default): Access granted: SELECT(name) ON system.tables
2021.06.04 04:32:59.156774 [ 73 ] {e25f8566-b3a4-424f-b440-6d5c09a1f1f2} <Trace> AccessRightsContext (default): Access granted: SELECT(name) ON system.dictionaries
2021.06.04 04:32:59.156830 [ 73 ] {e25f8566-b3a4-424f-b440-6d5c09a1f1f2} <Trace> AccessRightsContext (default): Access granted: SELECT(name) ON system.columns
2021.06.04 04:32:59.156924 [ 73 ] {e25f8566-b3a4-424f-b440-6d5c09a1f1f2} <Trace> AccessRightsContext (default): Access granted: SELECT(name) ON system.functions
2021.06.04 04:32:59.156962 [ 73 ] {e25f8566-b3a4-424f-b440-6d5c09a1f1f2} <Trace> AccessRightsContext (default): Access granted: SELECT(name) ON system.table_engines
2021.06.04 04:32:59.156994 [ 73 ] {e25f8566-b3a4-424f-b440-6d5c09a1f1f2} <Trace> AccessRightsContext (default): Access granted: SELECT(name) ON system.formats
2021.06.04 04:32:59.157024 [ 73 ] {e25f8566-b3a4-424f-b440-6d5c09a1f1f2} <Trace> AccessRightsContext (default): Access granted: SELECT(name) ON system.table_functions
2021.06.04 04:32:59.157056 [ 73 ] {e25f8566-b3a4-424f-b440-6d5c09a1f1f2} <Trace> AccessRightsContext (default): Access granted: SELECT(name) ON system.data_type_families
2021.06.04 04:32:59.157091 [ 73 ] {e25f8566-b3a4-424f-b440-6d5c09a1f1f2} <Trace> AccessRightsContext (default): Access granted: SELECT(name) ON system.merge_tree_settings
2021.06.04 04:32:59.157129 [ 73 ] {e25f8566-b3a4-424f-b440-6d5c09a1f1f2} <Trace> AccessRightsContext (default): Access granted: SELECT(name) ON system.settings
2021.06.04 04:32:59.157172 [ 73 ] {e25f8566-b3a4-424f-b440-6d5c09a1f1f2} <Trace> AccessRightsContext (default): Access granted: SELECT(cluster) ON system.clusters
2021.06.04 04:32:59.157203 [ 73 ] {e25f8566-b3a4-424f-b440-6d5c09a1f1f2} <Trace> AccessRightsContext (default): Access granted: SELECT(macro) ON system.macros
2021.06.04 04:32:59.157238 [ 73 ] {e25f8566-b3a4-424f-b440-6d5c09a1f1f2} <Trace> AccessRightsContext (default): Access granted: SELECT(policy_name) ON system.storage_policies
2021.06.04 04:32:59.157330 [ 73 ] {e25f8566-b3a4-424f-b440-6d5c09a1f1f2} <Trace> AccessRightsContext (default): Access granted: SELECT(name) ON system.aggregate_function_combinators
2021.06.04 04:32:59.157341 [ 73 ] {e25f8566-b3a4-424f-b440-6d5c09a1f1f2} <Debug> Join: setSampleBlock: comb.name String String(size = 0)
2021.06.04 04:32:59.157408 [ 73 ] {e25f8566-b3a4-424f-b440-6d5c09a1f1f2} <Trace> AccessRightsContext (default): Access granted: SELECT(name) ON system.databases
2021.06.04 04:32:59.157455 [ 73 ] {e25f8566-b3a4-424f-b440-6d5c09a1f1f2} <Trace> AccessRightsContext (default): Access granted: SELECT(name) ON system.tables
2021.06.04 04:32:59.157502 [ 73 ] {e25f8566-b3a4-424f-b440-6d5c09a1f1f2} <Trace> AccessRightsContext (default): Access granted: SELECT(name) ON system.dictionaries
2021.06.04 04:32:59.157547 [ 73 ] {e25f8566-b3a4-424f-b440-6d5c09a1f1f2} <Trace> AccessRightsContext (default): Access granted: SELECT(name) ON system.columns
2021.06.04 04:32:59.157962 [ 73 ] {e25f8566-b3a4-424f-b440-6d5c09a1f1f2} <Trace> InterpreterSelectQuery: FetchColumns -> Complete
2021.06.04 04:32:59.158071 [ 73 ] {e25f8566-b3a4-424f-b440-6d5c09a1f1f2} <Trace> InterpreterSelectQuery: FetchColumns -> Complete
2021.06.04 04:32:59.158237 [ 73 ] {e25f8566-b3a4-424f-b440-6d5c09a1f1f2} <Trace> InterpreterSelectQuery: FetchColumns -> Complete
2021.06.04 04:32:59.158263 [ 73 ] {e25f8566-b3a4-424f-b440-6d5c09a1f1f2} <Trace> InterpreterSelectQuery: FetchColumns -> Complete
2021.06.04 04:32:59.158319 [ 73 ] {e25f8566-b3a4-424f-b440-6d5c09a1f1f2} <Trace> InterpreterSelectQuery: FetchColumns -> Complete
2021.06.04 04:32:59.158420 [ 73 ] {e25f8566-b3a4-424f-b440-6d5c09a1f1f2} <Trace> InterpreterSelectQuery: FetchColumns -> Complete
2021.06.04 04:32:59.158729 [ 73 ] {e25f8566-b3a4-424f-b440-6d5c09a1f1f2} <Trace> InterpreterSelectQuery: FetchColumns -> Complete
2021.06.04 04:32:59.158818 [ 73 ] {e25f8566-b3a4-424f-b440-6d5c09a1f1f2} <Trace> InterpreterSelectQuery: FetchColumns -> Complete
2021.06.04 04:32:59.158847 [ 73 ] {e25f8566-b3a4-424f-b440-6d5c09a1f1f2} <Trace> InterpreterSelectQuery: FetchColumns -> Complete
2021.06.04 04:32:59.158904 [ 73 ] {e25f8566-b3a4-424f-b440-6d5c09a1f1f2} <Trace> InterpreterSelectQuery: FetchColumns -> Complete
2021.06.04 04:32:59.159112 [ 73 ] {e25f8566-b3a4-424f-b440-6d5c09a1f1f2} <Trace> InterpreterSelectQuery: FetchColumns -> Complete
2021.06.04 04:32:59.159196 [ 73 ] {e25f8566-b3a4-424f-b440-6d5c09a1f1f2} <Trace> AccessRightsContext (default): Access granted: SHOW ON *.*
2021.06.04 04:32:59.159209 [ 73 ] {e25f8566-b3a4-424f-b440-6d5c09a1f1f2} <Trace> InterpreterSelectQuery: FetchColumns -> Complete
2021.06.04 04:32:59.159256 [ 73 ] {e25f8566-b3a4-424f-b440-6d5c09a1f1f2} <Trace> InterpreterSelectQuery: FetchColumns -> Complete
2021.06.04 04:32:59.159303 [ 73 ] {e25f8566-b3a4-424f-b440-6d5c09a1f1f2} <Trace> AccessRightsContext (default): Access granted: SHOW ON *.*
2021.06.04 04:32:59.159322 [ 73 ] {e25f8566-b3a4-424f-b440-6d5c09a1f1f2} <Trace> InterpreterSelectQuery: FetchColumns -> Complete
2021.06.04 04:32:59.159423 [ 73 ] {e25f8566-b3a4-424f-b440-6d5c09a1f1f2} <Trace> InterpreterSelectQuery: FetchColumns -> Complete
2021.06.04 04:32:59.159481 [ 73 ] {e25f8566-b3a4-424f-b440-6d5c09a1f1f2} <Trace> InterpreterSelectQuery: FetchColumns -> Complete
2021.06.04 04:32:59.160736 [ 107 ] {e25f8566-b3a4-424f-b440-6d5c09a1f1f2} <Trace> CreatingSetsBlockInputStream: Creating join. 
2021.06.04 04:32:59.160750 [ 104 ] {e25f8566-b3a4-424f-b440-6d5c09a1f1f2} <Trace> AccessRightsContext (default): Access granted: SHOW ON *.*
2021.06.04 04:32:59.160767 [ 101 ] {e25f8566-b3a4-424f-b440-6d5c09a1f1f2} <Trace> AccessRightsContext (default): Access granted: SHOW ON *.*
2021.06.04 04:32:59.160774 [ 107 ] {e25f8566-b3a4-424f-b440-6d5c09a1f1f2} <Trace> InterpreterSelectQuery: FetchColumns -> Complete
2021.06.04 04:32:59.160818 [ 107 ] {e25f8566-b3a4-424f-b440-6d5c09a1f1f2} <Debug> CreatingSetsBlockInputStream: Created. Join with 9 entries from 9 rows. In 0.000 sec.
2021.06.04 04:32:59.162143 [ 73 ] {e25f8566-b3a4-424f-b440-6d5c09a1f1f2} <Information> executeQuery: Read 2647 rows, 126.88 KiB in 0.006 sec., 416293 rows/sec., 19.49 MiB/sec.
2021.06.04 04:32:59.162188 [ 73 ] {e25f8566-b3a4-424f-b440-6d5c09a1f1f2} <Debug> MemoryTracker: Peak memory usage (for query): 0.00 B.
2021.06.04 04:32:59.162384 [ 73 ] {} <Debug> MemoryTracker: Peak memory usage (total): 0.00 B.
2021.06.04 04:32:59.162404 [ 73 ] {} <Information> TCPHandler: Processed in 0.007 sec.
2021.06.04 04:32:59.162761 [ 73 ] {} <Information> TCPHandler: Done processing connection.
2021.06.04 04:33:01.653849 [ 49 ] {} <Trace> SystemLog (system.metric_log): Flushing system log
2021.06.04 04:33:01.656757 [ 49 ] {} <Debug> DiskLocal: Reserving 1.00 MiB on disk `default`, having unreserved 233.44 GiB.
2021.06.04 04:33:01.698146 [ 49 ] {} <Trace> system.metric_log: Renaming temporary part tmp_insert_202106_5_5_0 to 202106_5_5_0.
2021.06.04 04:33:02.970725 [ 72 ] {3a0eff80-9425-4385-a52c-a42720322a6f} <Debug> executeQuery: (from 172.20.0.1:53436) show databases;
2021.06.04 04:33:02.970816 [ 72 ] {3a0eff80-9425-4385-a52c-a42720322a6f} <Debug> executeQuery: (internal) SELECT name FROM system.databases
2021.06.04 04:33:02.970909 [ 72 ] {3a0eff80-9425-4385-a52c-a42720322a6f} <Trace> AccessRightsContext (default): Access granted: SELECT(name) ON system.databases
2021.06.04 04:33:02.970929 [ 72 ] {3a0eff80-9425-4385-a52c-a42720322a6f} <Trace> AccessRightsContext (default): Access granted: SHOW ON *.*
2021.06.04 04:33:02.970945 [ 72 ] {3a0eff80-9425-4385-a52c-a42720322a6f} <Trace> InterpreterSelectQuery: FetchColumns -> Complete
2021.06.04 04:33:02.971466 [ 72 ] {3a0eff80-9425-4385-a52c-a42720322a6f} <Information> executeQuery: Read 2 rows, 239.00 B in 0.001 sec., 2925 rows/sec., 341.38 KiB/sec.
2021.06.04 04:33:02.971522 [ 72 ] {3a0eff80-9425-4385-a52c-a42720322a6f} <Debug> MemoryTracker: Peak memory usage (for query): 0.00 B.
2021.06.04 04:33:02.971635 [ 72 ] {} <Debug> MemoryTracker: Peak memory usage (total): 0.00 B.
2021.06.04 04:33:02.971647 [ 72 ] {} <Information> TCPHandler: Processed in 0.001 sec.
2021.06.04 04:33:06.158631 [ 47 ] {} <Information> Application: Received termination signal (Terminated)
2021.06.04 04:33:06.158765 [ 1 ] {} <Debug> Application: Received termination signal.
2021.06.04 04:33:06.158786 [ 1 ] {} <Debug> Application: Waiting for current connections to close.
2021.06.04 04:33:06.664696 [ 1 ] {} <Information> Application: Closed all listening sockets. Waiting for 1 outstanding connections.
